#
# There is insufficient memory for the Java Runtime Environment to continue.
# Native memory allocation (malloc) failed to allocate 1194256 bytes for Chunk::new
# Possible reasons:
#   The system is out of physical RAM or swap space
#   The process is running with CompressedOops enabled, and the Java Heap may be blocking the growth of the native heap
# Possible solutions:
#   Reduce memory load on the system
#   Increase physical memory or swap space
#   Check if swap backing store is full
#   Decrease Java heap size (-Xmx/-Xms)
#   Decrease number of Java threads
#   Decrease Java thread stack sizes (-Xss)
#   Set larger code cache with -XX:ReservedCodeCacheSize=
#   JVM is running with Unscaled Compressed Oops mode in which the Java heap is
#     placed in the first 4GB address space. The Java Heap base address is the
#     maximum limit for the native heap growth. Please use -XX:HeapBaseMinAddress
#     to set the Java Heap base and to place the Java Heap above 4GB virtual address.
# This output file may be truncated or incomplete.
#
#  Out of Memory Error (arena.cpp:189), pid=1952, tid=16808
#
# JRE version: Java(TM) SE Runtime Environment (17.0.9+11) (build 17.0.9+11-LTS-201)
# Java VM: Java HotSpot(TM) 64-Bit Server VM (17.0.9+11-LTS-201, mixed mode, sharing, tiered, compressed oops, compressed class ptrs, g1 gc, windows-amd64)
# No core dump will be written. Minidumps are not enabled by default on client versions of Windows
#

---------------  S U M M A R Y ------------

Command Line: org.jetbrains.kotlin.cli.jvm.K2JVMCompiler @D:\logikoof\Android_Projects\BaseLibApp\baseLibv1\build\20250919_16675405273171071428.compiler.options

Host: Intel(R) Core(TM) i5-3340M CPU @ 2.70GHz, 4 cores, 7G,  Windows 10 , 64 bit Build 19041 (10.0.19041.2546)
Time: Fri Sep 19 14:50:24 2025 India Standard Time elapsed time: 22.072712 seconds (0d 0h 0m 22s)

---------------  T H R E A D  ---------------

Current thread (0x000002007a218960):  JavaThread "C2 CompilerThread1" daemon [_thread_in_native, id=16808, stack(0x000000ddef600000,0x000000ddef700000)]


Current CompileTask:
C2:  22088 12447       4       org.jetbrains.kotlin.ir.util.IrFakeOverrideUtilsKt::collectAndFilterRealOverrides$collectRealOverrides (157 bytes)

Stack: [0x000000ddef600000,0x000000ddef700000]
Native frames: (J=compiled Java code, j=interpreted, Vv=VM code, C=native code)
V  [jvm.dll+0x678a4a]
V  [jvm.dll+0x7d9cfd]
V  [jvm.dll+0x7db60e]
V  [jvm.dll+0x7dbc73]
V  [jvm.dll+0x245e1f]
V  [jvm.dll+0xaaafb]
V  [jvm.dll+0xab09c]
V  [jvm.dll+0x36232f]
V  [jvm.dll+0x1bb94a]
V  [jvm.dll+0x218287]
V  [jvm.dll+0x217561]
V  [jvm.dll+0x1a3bc0]
V  [jvm.dll+0x2272de]
V  [jvm.dll+0x22548b]
V  [jvm.dll+0x78f58c]
V  [jvm.dll+0x78998a]
V  [jvm.dll+0x677875]
C  [ucrtbase.dll+0x21bb2]
C  [KERNEL32.DLL+0x17614]
C  [ntdll.dll+0x526a1]


---------------  P R O C E S S  ---------------

Threads class SMR info:
_java_thread_list=0x000002007b014da0, length=13, elements={
0x0000020056daf9d0, 0x00000200745b72d0, 0x00000200745b8060, 0x00000200745cbe70,
0x00000200745cdb50, 0x00000200745ce420, 0x00000200745cecf0, 0x00000200745daeb0,
0x00000200745dc7d0, 0x00000200745e78c0, 0x0000020074810d40, 0x000002007480f3f0,
0x000002007a218960
}

Java Threads: ( => current thread )
  0x0000020056daf9d0 JavaThread "main" [_thread_in_Java, id=12764, stack(0x000000ddee300000,0x000000ddee400000)]
  0x00000200745b72d0 JavaThread "Reference Handler" daemon [_thread_blocked, id=11988, stack(0x000000ddeea00000,0x000000ddeeb00000)]
  0x00000200745b8060 JavaThread "Finalizer" daemon [_thread_blocked, id=15772, stack(0x000000ddeeb00000,0x000000ddeec00000)]
  0x00000200745cbe70 JavaThread "Signal Dispatcher" daemon [_thread_blocked, id=564, stack(0x000000ddeec00000,0x000000ddeed00000)]
  0x00000200745cdb50 JavaThread "Attach Listener" daemon [_thread_blocked, id=336, stack(0x000000ddeed00000,0x000000ddeee00000)]
  0x00000200745ce420 JavaThread "Service Thread" daemon [_thread_blocked, id=3816, stack(0x000000ddeee00000,0x000000ddeef00000)]
  0x00000200745cecf0 JavaThread "Monitor Deflation Thread" daemon [_thread_blocked, id=10216, stack(0x000000ddeef00000,0x000000ddef000000)]
  0x00000200745daeb0 JavaThread "C2 CompilerThread0" daemon [_thread_in_native, id=7832, stack(0x000000ddef000000,0x000000ddef100000)]
  0x00000200745dc7d0 JavaThread "C1 CompilerThread0" daemon [_thread_blocked, id=17720, stack(0x000000ddef100000,0x000000ddef200000)]
  0x00000200745e78c0 JavaThread "Sweeper thread" daemon [_thread_blocked, id=10228, stack(0x000000ddef200000,0x000000ddef300000)]
  0x0000020074810d40 JavaThread "Notification Thread" daemon [_thread_blocked, id=12856, stack(0x000000ddef300000,0x000000ddef400000)]
  0x000002007480f3f0 JavaThread "Common-Cleaner" daemon [_thread_blocked, id=7200, stack(0x000000ddef500000,0x000000ddef600000)]
=>0x000002007a218960 JavaThread "C2 CompilerThread1" daemon [_thread_in_native, id=16808, stack(0x000000ddef600000,0x000000ddef700000)]

Other Threads:
  0x00000200745b07a0 VMThread "VM Thread" [stack: 0x000000ddee900000,0x000000ddeea00000] [id=2272]
  0x0000020056e2e5f0 WatcherThread [stack: 0x000000ddef400000,0x000000ddef500000] [id=1280]
  0x0000020056e0ae00 GCTaskThread "GC Thread#0" [stack: 0x000000ddee400000,0x000000ddee500000] [id=16932]
  0x000002007904e4f0 GCTaskThread "GC Thread#1" [stack: 0x000000ddef700000,0x000000ddef800000] [id=2456]
  0x000002007904e230 GCTaskThread "GC Thread#2" [stack: 0x000000ddef800000,0x000000ddef900000] [id=11044]
  0x000002007904d1b0 GCTaskThread "GC Thread#3" [stack: 0x000000ddef900000,0x000000ddefa00000] [id=10648]
  0x0000020056e1b820 ConcurrentGCThread "G1 Main Marker" [stack: 0x000000ddee500000,0x000000ddee600000] [id=12232]
  0x0000020056e1c8e0 ConcurrentGCThread "G1 Conc#0" [stack: 0x000000ddee600000,0x000000ddee700000] [id=1776]
  0x0000020074470090 ConcurrentGCThread "G1 Refine#0" [stack: 0x000000ddee700000,0x000000ddee800000] [id=5248]
  0x000002007a21dc70 ConcurrentGCThread "G1 Refine#1" [stack: 0x000000ddefa00000,0x000000ddefb00000] [id=7992]
  0x00000200744709d0 ConcurrentGCThread "G1 Service" [stack: 0x000000ddee800000,0x000000ddee900000] [id=13936]

Threads with active compile tasks:
C2 CompilerThread0    22148 12368       4       org.jetbrains.kotlin.ir.declarations.IrFunction::transformChildren (99 bytes)
C2 CompilerThread1    22148 12447       4       org.jetbrains.kotlin.ir.util.IrFakeOverrideUtilsKt::collectAndFilterRealOverrides$collectRealOverrides (157 bytes)

VM state: not at safepoint (normal execution)

VM Mutex/Monitor currently owned by a thread: None

Heap address: 0x0000000082200000, size: 2014 MB, Compressed Oops mode: 32-bit

CDS archive(s) mapped at: [0x0000020000000000-0x0000020000bd0000-0x0000020000bd0000), size 12386304, SharedBaseAddress: 0x0000020000000000, ArchiveRelocationMode: 1.
Compressed class space mapped at: 0x0000020001000000-0x0000020041000000, reserved size: 1073741824
Narrow klass base: 0x0000020000000000, Narrow klass shift: 0, Narrow klass range: 0x100000000

GC Precious Log:
 CPUs: 4 total, 4 available
 Memory: 8055M
 Large Page Support: Disabled
 NUMA Support: Disabled
 Compressed Oops: Enabled (32-bit)
 Heap Region Size: 1M
 Heap Min Capacity: 8M
 Heap Initial Capacity: 126M
 Heap Max Capacity: 2014M
 Pre-touch: Disabled
 Parallel Workers: 4
 Concurrent Workers: 1
 Concurrent Refinement Workers: 4
 Periodic GC: Disabled

Heap:
 garbage-first heap   total 228352K, used 144380K [0x0000000082200000, 0x0000000100000000)
  region size 1024K, 63 young (64512K), 12 survivors (12288K)
 Metaspace       used 69415K, committed 69760K, reserved 1114112K
  class space    used 7880K, committed 8000K, reserved 1048576K

Heap Regions: E=young(eden), S=young(survivor), O=old, HS=humongous(starts), HC=humongous(continues), CS=collection set, F=free, OA=open archive, CA=closed archive, TAMS=top-at-mark-start (previous, next)
|   0|0x0000000082200000, 0x0000000082300000, 0x0000000082300000|100%|HS|  |TAMS 0x0000000082300000, 0x0000000082200000| Complete 
|   1|0x0000000082300000, 0x0000000082400000, 0x0000000082400000|100%|HC|  |TAMS 0x0000000082400000, 0x0000000082300000| Complete 
|   2|0x0000000082400000, 0x0000000082500000, 0x0000000082500000|100%|HC|  |TAMS 0x0000000082500000, 0x0000000082400000| Complete 
|   3|0x0000000082500000, 0x0000000082600000, 0x0000000082600000|100%|HC|  |TAMS 0x0000000082600000, 0x0000000082500000| Complete 
|   4|0x0000000082600000, 0x0000000082700000, 0x0000000082700000|100%| O|  |TAMS 0x0000000082700000, 0x0000000082600000| Untracked 
|   5|0x0000000082700000, 0x0000000082800000, 0x0000000082800000|100%| O|  |TAMS 0x0000000082800000, 0x0000000082700000| Untracked 
|   6|0x0000000082800000, 0x0000000082900000, 0x0000000082900000|100%| O|  |TAMS 0x0000000082800000, 0x0000000082800000| Untracked 
|   7|0x0000000082900000, 0x0000000082a00000, 0x0000000082a00000|100%|HS|  |TAMS 0x0000000082a00000, 0x0000000082900000| Complete 
|   8|0x0000000082a00000, 0x0000000082b00000, 0x0000000082b00000|100%|HC|  |TAMS 0x0000000082b00000, 0x0000000082a00000| Complete 
|   9|0x0000000082b00000, 0x0000000082c00000, 0x0000000082c00000|100%|HC|  |TAMS 0x0000000082c00000, 0x0000000082b00000| Complete 
|  10|0x0000000082c00000, 0x0000000082d00000, 0x0000000082d00000|100%|HC|  |TAMS 0x0000000082d00000, 0x0000000082c00000| Complete 
|  11|0x0000000082d00000, 0x0000000082e00000, 0x0000000082e00000|100%| O|  |TAMS 0x0000000082e00000, 0x0000000082d00000| Untracked 
|  12|0x0000000082e00000, 0x0000000082f00000, 0x0000000082f00000|100%| O|  |TAMS 0x0000000082f00000, 0x0000000082e00000| Untracked 
|  13|0x0000000082f00000, 0x0000000083000000, 0x0000000083000000|100%| O|  |TAMS 0x0000000083000000, 0x0000000082f00000| Untracked 
|  14|0x0000000083000000, 0x0000000083100000, 0x0000000083100000|100%| O|  |TAMS 0x0000000083100000, 0x0000000083000000| Untracked 
|  15|0x0000000083100000, 0x0000000083200000, 0x0000000083200000|100%| O|  |TAMS 0x0000000083200000, 0x0000000083100000| Untracked 
|  16|0x0000000083200000, 0x0000000083300000, 0x0000000083300000|100%| O|  |TAMS 0x0000000083300000, 0x0000000083200000| Untracked 
|  17|0x0000000083300000, 0x0000000083400000, 0x0000000083400000|100%| O|  |TAMS 0x0000000083400000, 0x0000000083300000| Untracked 
|  18|0x0000000083400000, 0x0000000083500000, 0x0000000083500000|100%| O|  |TAMS 0x0000000083500000, 0x0000000083400000| Untracked 
|  19|0x0000000083500000, 0x0000000083600000, 0x0000000083600000|100%| O|  |TAMS 0x0000000083600000, 0x0000000083500000| Untracked 
|  20|0x0000000083600000, 0x0000000083700000, 0x0000000083700000|100%| O|  |TAMS 0x0000000083700000, 0x0000000083600000| Untracked 
|  21|0x0000000083700000, 0x0000000083800000, 0x0000000083800000|100%| O|  |TAMS 0x0000000083800000, 0x0000000083700000| Untracked 
|  22|0x0000000083800000, 0x0000000083900000, 0x0000000083900000|100%| O|  |TAMS 0x0000000083900000, 0x0000000083800000| Untracked 
|  23|0x0000000083900000, 0x0000000083a00000, 0x0000000083a00000|100%| O|  |TAMS 0x0000000083a00000, 0x0000000083900000| Untracked 
|  24|0x0000000083a00000, 0x0000000083b00000, 0x0000000083b00000|100%|HS|  |TAMS 0x0000000083b00000, 0x0000000083a00000| Complete 
|  25|0x0000000083b00000, 0x0000000083c00000, 0x0000000083c00000|100%|HC|  |TAMS 0x0000000083c00000, 0x0000000083b00000| Complete 
|  26|0x0000000083c00000, 0x0000000083d00000, 0x0000000083d00000|100%| O|  |TAMS 0x0000000083d00000, 0x0000000083c00000| Untracked 
|  27|0x0000000083d00000, 0x0000000083e00000, 0x0000000083e00000|100%| O|  |TAMS 0x0000000083e00000, 0x0000000083d00000| Untracked 
|  28|0x0000000083e00000, 0x0000000083f00000, 0x0000000083f00000|100%| O|  |TAMS 0x0000000083f00000, 0x0000000083e00000| Untracked 
|  29|0x0000000083f00000, 0x0000000084000000, 0x0000000084000000|100%| O|  |TAMS 0x0000000084000000, 0x0000000083f00000| Untracked 
|  30|0x0000000084000000, 0x0000000084100000, 0x0000000084100000|100%| O|  |TAMS 0x0000000084100000, 0x0000000084000000| Untracked 
|  31|0x0000000084100000, 0x0000000084200000, 0x0000000084200000|100%| O|  |TAMS 0x0000000084200000, 0x0000000084100000| Untracked 
|  32|0x0000000084200000, 0x0000000084300000, 0x0000000084300000|100%| O|  |TAMS 0x0000000084300000, 0x0000000084200000| Untracked 
|  33|0x0000000084300000, 0x0000000084400000, 0x0000000084400000|100%| O|  |TAMS 0x0000000084400000, 0x0000000084300000| Untracked 
|  34|0x0000000084400000, 0x0000000084500000, 0x0000000084500000|100%| O|  |TAMS 0x0000000084500000, 0x0000000084400000| Untracked 
|  35|0x0000000084500000, 0x0000000084600000, 0x0000000084600000|100%| O|  |TAMS 0x0000000084600000, 0x0000000084500000| Untracked 
|  36|0x0000000084600000, 0x0000000084700000, 0x0000000084700000|100%| O|  |TAMS 0x0000000084700000, 0x0000000084600000| Untracked 
|  37|0x0000000084700000, 0x0000000084800000, 0x0000000084800000|100%| O|  |TAMS 0x0000000084800000, 0x0000000084700000| Untracked 
|  38|0x0000000084800000, 0x0000000084900000, 0x0000000084900000|100%| O|  |TAMS 0x0000000084900000, 0x0000000084800000| Untracked 
|  39|0x0000000084900000, 0x0000000084a00000, 0x0000000084a00000|100%| O|  |TAMS 0x0000000084a00000, 0x0000000084900000| Untracked 
|  40|0x0000000084a00000, 0x0000000084b00000, 0x0000000084b00000|100%| O|  |TAMS 0x0000000084b00000, 0x0000000084a00000| Untracked 
|  41|0x0000000084b00000, 0x0000000084c00000, 0x0000000084c00000|100%| O|  |TAMS 0x0000000084c00000, 0x0000000084b00000| Untracked 
|  42|0x0000000084c00000, 0x0000000084d00000, 0x0000000084d00000|100%| O|  |TAMS 0x0000000084d00000, 0x0000000084c00000| Untracked 
|  43|0x0000000084d00000, 0x0000000084e00000, 0x0000000084e00000|100%| O|  |TAMS 0x0000000084e00000, 0x0000000084d00000| Untracked 
|  44|0x0000000084e00000, 0x0000000084f00000, 0x0000000084f00000|100%| O|  |TAMS 0x0000000084f00000, 0x0000000084e00000| Untracked 
|  45|0x0000000084f00000, 0x0000000085000000, 0x0000000085000000|100%| O|  |TAMS 0x0000000084f00000, 0x0000000084f00000| Untracked 
|  46|0x0000000085000000, 0x0000000085100000, 0x0000000085100000|100%| O|  |TAMS 0x0000000085100000, 0x0000000085000000| Untracked 
|  47|0x0000000085100000, 0x0000000085200000, 0x0000000085200000|100%| O|  |TAMS 0x0000000085200000, 0x0000000085100000| Untracked 
|  48|0x0000000085200000, 0x0000000085300000, 0x0000000085300000|100%| O|  |TAMS 0x0000000085200000, 0x0000000085200000| Untracked 
|  49|0x0000000085300000, 0x0000000085400000, 0x0000000085400000|100%| O|  |TAMS 0x0000000085300000, 0x0000000085300000| Untracked 
|  50|0x0000000085400000, 0x0000000085500000, 0x0000000085500000|100%| O|  |TAMS 0x0000000085400000, 0x0000000085400000| Untracked 
|  51|0x0000000085500000, 0x0000000085600000, 0x0000000085600000|100%| O|  |TAMS 0x0000000085500000, 0x0000000085500000| Untracked 
|  52|0x0000000085600000, 0x0000000085700000, 0x0000000085700000|100%| O|  |TAMS 0x0000000085600000, 0x0000000085600000| Untracked 
|  53|0x0000000085700000, 0x0000000085800000, 0x0000000085800000|100%| O|  |TAMS 0x0000000085700000, 0x0000000085700000| Untracked 
|  54|0x0000000085800000, 0x0000000085900000, 0x0000000085900000|100%| O|  |TAMS 0x0000000085800000, 0x0000000085800000| Untracked 
|  55|0x0000000085900000, 0x0000000085a00000, 0x0000000085a00000|100%| O|  |TAMS 0x0000000085900000, 0x0000000085900000| Untracked 
|  56|0x0000000085a00000, 0x0000000085b00000, 0x0000000085b00000|100%| O|  |TAMS 0x0000000085a00000, 0x0000000085a00000| Untracked 
|  57|0x0000000085b00000, 0x0000000085c00000, 0x0000000085c00000|100%| O|  |TAMS 0x0000000085b00000, 0x0000000085b00000| Untracked 
|  58|0x0000000085c00000, 0x0000000085d00000, 0x0000000085d00000|100%| O|  |TAMS 0x0000000085c00000, 0x0000000085c00000| Untracked 
|  59|0x0000000085d00000, 0x0000000085e00000, 0x0000000085e00000|100%| O|  |TAMS 0x0000000085d00000, 0x0000000085d00000| Untracked 
|  60|0x0000000085e00000, 0x0000000085f00000, 0x0000000085f00000|100%| O|  |TAMS 0x0000000085e00000, 0x0000000085e00000| Untracked 
|  61|0x0000000085f00000, 0x0000000086000000, 0x0000000086000000|100%| O|  |TAMS 0x0000000085f00000, 0x0000000085f00000| Untracked 
|  62|0x0000000086000000, 0x0000000086100000, 0x0000000086100000|100%| O|  |TAMS 0x0000000086000000, 0x0000000086000000| Untracked 
|  63|0x0000000086100000, 0x0000000086200000, 0x0000000086200000|100%| O|  |TAMS 0x0000000086100000, 0x0000000086100000| Untracked 
|  64|0x0000000086200000, 0x0000000086300000, 0x0000000086300000|100%| O|  |TAMS 0x0000000086200000, 0x0000000086200000| Untracked 
|  65|0x0000000086300000, 0x0000000086400000, 0x0000000086400000|100%| O|  |TAMS 0x0000000086300000, 0x0000000086300000| Untracked 
|  66|0x0000000086400000, 0x0000000086500000, 0x0000000086500000|100%| O|  |TAMS 0x0000000086400000, 0x0000000086400000| Untracked 
|  67|0x0000000086500000, 0x0000000086600000, 0x0000000086600000|100%| O|  |TAMS 0x0000000086500000, 0x0000000086500000| Untracked 
|  68|0x0000000086600000, 0x0000000086700000, 0x0000000086700000|100%| O|  |TAMS 0x0000000086600000, 0x0000000086600000| Untracked 
|  69|0x0000000086700000, 0x0000000086800000, 0x0000000086800000|100%| O|  |TAMS 0x0000000086700000, 0x0000000086700000| Untracked 
|  70|0x0000000086800000, 0x0000000086900000, 0x0000000086900000|100%| O|  |TAMS 0x0000000086800000, 0x0000000086800000| Untracked 
|  71|0x0000000086900000, 0x0000000086a00000, 0x0000000086a00000|100%| O|  |TAMS 0x0000000086900000, 0x0000000086900000| Untracked 
|  72|0x0000000086a00000, 0x0000000086b00000, 0x0000000086b00000|100%| O|  |TAMS 0x0000000086a00000, 0x0000000086a00000| Untracked 
|  73|0x0000000086b00000, 0x0000000086c00000, 0x0000000086c00000|100%| O|  |TAMS 0x0000000086b00000, 0x0000000086b00000| Untracked 
|  74|0x0000000086c00000, 0x0000000086d00000, 0x0000000086d00000|100%| O|  |TAMS 0x0000000086c00000, 0x0000000086c00000| Untracked 
|  75|0x0000000086d00000, 0x0000000086e00000, 0x0000000086e00000|100%| O|  |TAMS 0x0000000086d00000, 0x0000000086d00000| Untracked 
|  76|0x0000000086e00000, 0x0000000086f00000, 0x0000000086f00000|100%| O|  |TAMS 0x0000000086e00000, 0x0000000086e00000| Untracked 
|  77|0x0000000086f00000, 0x0000000087000000, 0x0000000087000000|100%| O|  |TAMS 0x0000000086f00000, 0x0000000086f00000| Untracked 
|  78|0x0000000087000000, 0x00000000870ff200, 0x0000000087100000| 99%| O|  |TAMS 0x0000000087000000, 0x0000000087000000| Untracked 
|  79|0x0000000087100000, 0x0000000087100000, 0x0000000087200000|  0%| F|  |TAMS 0x0000000087100000, 0x0000000087100000| Untracked 
|  80|0x0000000087200000, 0x0000000087200000, 0x0000000087300000|  0%| F|  |TAMS 0x0000000087200000, 0x0000000087200000| Untracked 
|  81|0x0000000087300000, 0x0000000087300000, 0x0000000087400000|  0%| F|  |TAMS 0x0000000087300000, 0x0000000087300000| Untracked 
|  82|0x0000000087400000, 0x0000000087400000, 0x0000000087500000|  0%| F|  |TAMS 0x0000000087400000, 0x0000000087400000| Untracked 
|  83|0x0000000087500000, 0x0000000087500000, 0x0000000087600000|  0%| F|  |TAMS 0x0000000087500000, 0x0000000087500000| Untracked 
|  84|0x0000000087600000, 0x0000000087600000, 0x0000000087700000|  0%| F|  |TAMS 0x0000000087600000, 0x0000000087600000| Untracked 
|  85|0x0000000087700000, 0x0000000087700000, 0x0000000087800000|  0%| F|  |TAMS 0x0000000087700000, 0x0000000087700000| Untracked 
|  86|0x0000000087800000, 0x0000000087800000, 0x0000000087900000|  0%| F|  |TAMS 0x0000000087800000, 0x0000000087800000| Untracked 
|  87|0x0000000087900000, 0x0000000087900000, 0x0000000087a00000|  0%| F|  |TAMS 0x0000000087900000, 0x0000000087900000| Untracked 
|  88|0x0000000087a00000, 0x0000000087a00000, 0x0000000087b00000|  0%| F|  |TAMS 0x0000000087a00000, 0x0000000087a00000| Untracked 
|  89|0x0000000087b00000, 0x0000000087b00000, 0x0000000087c00000|  0%| F|  |TAMS 0x0000000087b00000, 0x0000000087b00000| Untracked 
|  90|0x0000000087c00000, 0x0000000087c00000, 0x0000000087d00000|  0%| F|  |TAMS 0x0000000087c00000, 0x0000000087c00000| Untracked 
|  91|0x0000000087d00000, 0x0000000087d00000, 0x0000000087e00000|  0%| F|  |TAMS 0x0000000087d00000, 0x0000000087d00000| Untracked 
|  92|0x0000000087e00000, 0x0000000087e00000, 0x0000000087f00000|  0%| F|  |TAMS 0x0000000087e00000, 0x0000000087e00000| Untracked 
|  93|0x0000000087f00000, 0x0000000087f00000, 0x0000000088000000|  0%| F|  |TAMS 0x0000000087f00000, 0x0000000087f00000| Untracked 
|  94|0x0000000088000000, 0x0000000088000000, 0x0000000088100000|  0%| F|  |TAMS 0x0000000088000000, 0x0000000088000000| Untracked 
|  95|0x0000000088100000, 0x0000000088100000, 0x0000000088200000|  0%| F|  |TAMS 0x0000000088100000, 0x0000000088100000| Untracked 
|  96|0x0000000088200000, 0x0000000088200000, 0x0000000088300000|  0%| F|  |TAMS 0x0000000088200000, 0x0000000088200000| Untracked 
|  97|0x0000000088300000, 0x0000000088300000, 0x0000000088400000|  0%| F|  |TAMS 0x0000000088300000, 0x0000000088300000| Untracked 
|  98|0x0000000088400000, 0x0000000088400000, 0x0000000088500000|  0%| F|  |TAMS 0x0000000088400000, 0x0000000088400000| Untracked 
|  99|0x0000000088500000, 0x0000000088500000, 0x0000000088600000|  0%| F|  |TAMS 0x0000000088500000, 0x0000000088500000| Untracked 
| 100|0x0000000088600000, 0x0000000088600000, 0x0000000088700000|  0%| F|  |TAMS 0x0000000088600000, 0x0000000088600000| Untracked 
| 101|0x0000000088700000, 0x0000000088700000, 0x0000000088800000|  0%| F|  |TAMS 0x0000000088700000, 0x0000000088700000| Untracked 
| 102|0x0000000088800000, 0x0000000088800000, 0x0000000088900000|  0%| F|  |TAMS 0x0000000088800000, 0x0000000088800000| Untracked 
| 103|0x0000000088900000, 0x0000000088900000, 0x0000000088a00000|  0%| F|  |TAMS 0x0000000088900000, 0x0000000088900000| Untracked 
| 104|0x0000000088a00000, 0x0000000088a00000, 0x0000000088b00000|  0%| F|  |TAMS 0x0000000088a00000, 0x0000000088a00000| Untracked 
| 105|0x0000000088b00000, 0x0000000088b00000, 0x0000000088c00000|  0%| F|  |TAMS 0x0000000088b00000, 0x0000000088b00000| Untracked 
| 106|0x0000000088c00000, 0x0000000088c00000, 0x0000000088d00000|  0%| F|  |TAMS 0x0000000088c00000, 0x0000000088c00000| Untracked 
| 107|0x0000000088d00000, 0x0000000088d00000, 0x0000000088e00000|  0%| F|  |TAMS 0x0000000088d00000, 0x0000000088d00000| Untracked 
| 108|0x0000000088e00000, 0x0000000088e00000, 0x0000000088f00000|  0%| F|  |TAMS 0x0000000088e00000, 0x0000000088e00000| Untracked 
| 109|0x0000000088f00000, 0x0000000088f00000, 0x0000000089000000|  0%| F|  |TAMS 0x0000000088f00000, 0x0000000088f00000| Untracked 
| 110|0x0000000089000000, 0x0000000089000000, 0x0000000089100000|  0%| F|  |TAMS 0x0000000089000000, 0x0000000089000000| Untracked 
| 111|0x0000000089100000, 0x0000000089100000, 0x0000000089200000|  0%| F|  |TAMS 0x0000000089100000, 0x0000000089100000| Untracked 
| 112|0x0000000089200000, 0x0000000089200000, 0x0000000089300000|  0%| F|  |TAMS 0x0000000089200000, 0x0000000089200000| Untracked 
| 113|0x0000000089300000, 0x0000000089300000, 0x0000000089400000|  0%| F|  |TAMS 0x0000000089300000, 0x0000000089300000| Untracked 
| 114|0x0000000089400000, 0x0000000089400000, 0x0000000089500000|  0%| F|  |TAMS 0x0000000089400000, 0x0000000089400000| Untracked 
| 115|0x0000000089500000, 0x0000000089500000, 0x0000000089600000|  0%| F|  |TAMS 0x0000000089500000, 0x0000000089500000| Untracked 
| 116|0x0000000089600000, 0x0000000089600000, 0x0000000089700000|  0%| F|  |TAMS 0x0000000089600000, 0x0000000089600000| Untracked 
| 117|0x0000000089700000, 0x0000000089700000, 0x0000000089800000|  0%| F|  |TAMS 0x0000000089700000, 0x0000000089700000| Untracked 
| 118|0x0000000089800000, 0x0000000089800000, 0x0000000089900000|  0%| F|  |TAMS 0x0000000089800000, 0x0000000089800000| Untracked 
| 119|0x0000000089900000, 0x0000000089900000, 0x0000000089a00000|  0%| F|  |TAMS 0x0000000089900000, 0x0000000089900000| Untracked 
| 120|0x0000000089a00000, 0x0000000089a00000, 0x0000000089b00000|  0%| F|  |TAMS 0x0000000089a00000, 0x0000000089a00000| Untracked 
| 121|0x0000000089b00000, 0x0000000089c00000, 0x0000000089c00000|100%| S|CS|TAMS 0x0000000089b00000, 0x0000000089b00000| Complete 
| 122|0x0000000089c00000, 0x0000000089d00000, 0x0000000089d00000|100%| S|CS|TAMS 0x0000000089c00000, 0x0000000089c00000| Complete 
| 123|0x0000000089d00000, 0x0000000089e00000, 0x0000000089e00000|100%| S|CS|TAMS 0x0000000089d00000, 0x0000000089d00000| Complete 
| 124|0x0000000089e00000, 0x0000000089f00000, 0x0000000089f00000|100%| S|CS|TAMS 0x0000000089e00000, 0x0000000089e00000| Complete 
| 125|0x0000000089f00000, 0x000000008a000000, 0x000000008a000000|100%| S|CS|TAMS 0x0000000089f00000, 0x0000000089f00000| Complete 
| 126|0x000000008a000000, 0x000000008a100000, 0x000000008a100000|100%| S|CS|TAMS 0x000000008a000000, 0x000000008a000000| Complete 
| 127|0x000000008a100000, 0x000000008a100000, 0x000000008a200000|  0%| F|  |TAMS 0x000000008a100000, 0x000000008a100000| Untracked 
| 128|0x000000008a200000, 0x000000008a200000, 0x000000008a300000|  0%| F|  |TAMS 0x000000008a200000, 0x000000008a200000| Untracked 
| 129|0x000000008a300000, 0x000000008a300000, 0x000000008a400000|  0%| F|  |TAMS 0x000000008a300000, 0x000000008a300000| Untracked 
| 130|0x000000008a400000, 0x000000008a400000, 0x000000008a500000|  0%| F|  |TAMS 0x000000008a400000, 0x000000008a400000| Untracked 
| 131|0x000000008a500000, 0x000000008a500000, 0x000000008a600000|  0%| F|  |TAMS 0x000000008a500000, 0x000000008a500000| Untracked 
| 132|0x000000008a600000, 0x000000008a600000, 0x000000008a700000|  0%| F|  |TAMS 0x000000008a600000, 0x000000008a600000| Untracked 
| 133|0x000000008a700000, 0x000000008a700000, 0x000000008a800000|  0%| F|  |TAMS 0x000000008a700000, 0x000000008a700000| Untracked 
| 134|0x000000008a800000, 0x000000008a800000, 0x000000008a900000|  0%| F|  |TAMS 0x000000008a800000, 0x000000008a800000| Untracked 
| 135|0x000000008a900000, 0x000000008a900000, 0x000000008aa00000|  0%| F|  |TAMS 0x000000008a900000, 0x000000008a900000| Untracked 
| 136|0x000000008aa00000, 0x000000008aa00000, 0x000000008ab00000|  0%| F|  |TAMS 0x000000008aa00000, 0x000000008aa00000| Untracked 
| 137|0x000000008ab00000, 0x000000008ac00000, 0x000000008ac00000|100%| S|CS|TAMS 0x000000008ab00000, 0x000000008ab00000| Complete 
| 138|0x000000008ac00000, 0x000000008ad00000, 0x000000008ad00000|100%| S|CS|TAMS 0x000000008ac00000, 0x000000008ac00000| Complete 
| 139|0x000000008ad00000, 0x000000008ae00000, 0x000000008ae00000|100%| S|CS|TAMS 0x000000008ad00000, 0x000000008ad00000| Complete 
| 140|0x000000008ae00000, 0x000000008af00000, 0x000000008af00000|100%| S|CS|TAMS 0x000000008ae00000, 0x000000008ae00000| Complete 
| 141|0x000000008af00000, 0x000000008b000000, 0x000000008b000000|100%| S|CS|TAMS 0x000000008af00000, 0x000000008af00000| Complete 
| 142|0x000000008b000000, 0x000000008b100000, 0x000000008b100000|100%| S|CS|TAMS 0x000000008b000000, 0x000000008b000000| Complete 
| 143|0x000000008b100000, 0x000000008b100000, 0x000000008b200000|  0%| F|  |TAMS 0x000000008b100000, 0x000000008b100000| Untracked 
| 144|0x000000008b200000, 0x000000008b200000, 0x000000008b300000|  0%| F|  |TAMS 0x000000008b200000, 0x000000008b200000| Untracked 
| 145|0x000000008b300000, 0x000000008b300000, 0x000000008b400000|  0%| F|  |TAMS 0x000000008b300000, 0x000000008b300000| Untracked 
| 146|0x000000008b400000, 0x000000008b400000, 0x000000008b500000|  0%| F|  |TAMS 0x000000008b400000, 0x000000008b400000| Untracked 
| 147|0x000000008b500000, 0x000000008b500000, 0x000000008b600000|  0%| F|  |TAMS 0x000000008b500000, 0x000000008b500000| Untracked 
| 148|0x000000008b600000, 0x000000008b600000, 0x000000008b700000|  0%| F|  |TAMS 0x000000008b600000, 0x000000008b600000| Untracked 
| 149|0x000000008b700000, 0x000000008b700000, 0x000000008b800000|  0%| F|  |TAMS 0x000000008b700000, 0x000000008b700000| Untracked 
| 150|0x000000008b800000, 0x000000008b800000, 0x000000008b900000|  0%| F|  |TAMS 0x000000008b800000, 0x000000008b800000| Untracked 
| 151|0x000000008b900000, 0x000000008b900000, 0x000000008ba00000|  0%| F|  |TAMS 0x000000008b900000, 0x000000008b900000| Untracked 
| 152|0x000000008ba00000, 0x000000008ba00000, 0x000000008bb00000|  0%| F|  |TAMS 0x000000008ba00000, 0x000000008ba00000| Untracked 
| 153|0x000000008bb00000, 0x000000008bb00000, 0x000000008bc00000|  0%| F|  |TAMS 0x000000008bb00000, 0x000000008bb00000| Untracked 
| 154|0x000000008bc00000, 0x000000008bc00000, 0x000000008bd00000|  0%| F|  |TAMS 0x000000008bc00000, 0x000000008bc00000| Untracked 
| 155|0x000000008bd00000, 0x000000008bd00000, 0x000000008be00000|  0%| F|  |TAMS 0x000000008bd00000, 0x000000008bd00000| Untracked 
| 156|0x000000008be00000, 0x000000008be00000, 0x000000008bf00000|  0%| F|  |TAMS 0x000000008be00000, 0x000000008be00000| Untracked 
| 157|0x000000008bf00000, 0x000000008bf00000, 0x000000008c000000|  0%| F|  |TAMS 0x000000008bf00000, 0x000000008bf00000| Untracked 
| 158|0x000000008c000000, 0x000000008c000000, 0x000000008c100000|  0%| F|  |TAMS 0x000000008c000000, 0x000000008c000000| Untracked 
| 159|0x000000008c100000, 0x000000008c100000, 0x000000008c200000|  0%| F|  |TAMS 0x000000008c100000, 0x000000008c100000| Untracked 
| 160|0x000000008c200000, 0x000000008c200000, 0x000000008c300000|  0%| F|  |TAMS 0x000000008c200000, 0x000000008c200000| Untracked 
| 161|0x000000008c300000, 0x000000008c300000, 0x000000008c400000|  0%| F|  |TAMS 0x000000008c300000, 0x000000008c300000| Untracked 
| 162|0x000000008c400000, 0x000000008c400000, 0x000000008c500000|  0%| F|  |TAMS 0x000000008c400000, 0x000000008c400000| Untracked 
| 163|0x000000008c500000, 0x000000008c500000, 0x000000008c600000|  0%| F|  |TAMS 0x000000008c500000, 0x000000008c500000| Untracked 
| 164|0x000000008c600000, 0x000000008c600000, 0x000000008c700000|  0%| F|  |TAMS 0x000000008c600000, 0x000000008c600000| Untracked 
| 165|0x000000008c700000, 0x000000008c700000, 0x000000008c800000|  0%| F|  |TAMS 0x000000008c700000, 0x000000008c700000| Untracked 
| 166|0x000000008c800000, 0x000000008c800000, 0x000000008c900000|  0%| F|  |TAMS 0x000000008c800000, 0x000000008c800000| Untracked 
| 167|0x000000008c900000, 0x000000008c900000, 0x000000008ca00000|  0%| F|  |TAMS 0x000000008c900000, 0x000000008c900000| Untracked 
| 168|0x000000008ca00000, 0x000000008ca00000, 0x000000008cb00000|  0%| F|  |TAMS 0x000000008ca00000, 0x000000008ca00000| Untracked 
| 169|0x000000008cb00000, 0x000000008cb00000, 0x000000008cc00000|  0%| F|  |TAMS 0x000000008cb00000, 0x000000008cb00000| Untracked 
| 170|0x000000008cc00000, 0x000000008cc00000, 0x000000008cd00000|  0%| F|  |TAMS 0x000000008cc00000, 0x000000008cc00000| Untracked 
| 171|0x000000008cd00000, 0x000000008cd80800, 0x000000008ce00000| 50%| E|  |TAMS 0x000000008cd00000, 0x000000008cd00000| Complete 
| 172|0x000000008ce00000, 0x000000008cf00000, 0x000000008cf00000|100%| E|CS|TAMS 0x000000008ce00000, 0x000000008ce00000| Complete 
| 173|0x000000008cf00000, 0x000000008d000000, 0x000000008d000000|100%| E|CS|TAMS 0x000000008cf00000, 0x000000008cf00000| Complete 
| 174|0x000000008d000000, 0x000000008d100000, 0x000000008d100000|100%| E|CS|TAMS 0x000000008d000000, 0x000000008d000000| Complete 
| 175|0x000000008d100000, 0x000000008d200000, 0x000000008d200000|100%| E|CS|TAMS 0x000000008d100000, 0x000000008d100000| Complete 
| 176|0x000000008d200000, 0x000000008d300000, 0x000000008d300000|100%| E|CS|TAMS 0x000000008d200000, 0x000000008d200000| Complete 
| 177|0x000000008d300000, 0x000000008d400000, 0x000000008d400000|100%| E|CS|TAMS 0x000000008d300000, 0x000000008d300000| Complete 
| 178|0x000000008d400000, 0x000000008d500000, 0x000000008d500000|100%| E|CS|TAMS 0x000000008d400000, 0x000000008d400000| Complete 
| 179|0x000000008d500000, 0x000000008d600000, 0x000000008d600000|100%| E|CS|TAMS 0x000000008d500000, 0x000000008d500000| Complete 
| 180|0x000000008d600000, 0x000000008d700000, 0x000000008d700000|100%| E|CS|TAMS 0x000000008d600000, 0x000000008d600000| Complete 
| 181|0x000000008d700000, 0x000000008d800000, 0x000000008d800000|100%| E|CS|TAMS 0x000000008d700000, 0x000000008d700000| Complete 
| 182|0x000000008d800000, 0x000000008d900000, 0x000000008d900000|100%| E|CS|TAMS 0x000000008d800000, 0x000000008d800000| Complete 
| 183|0x000000008d900000, 0x000000008da00000, 0x000000008da00000|100%| E|CS|TAMS 0x000000008d900000, 0x000000008d900000| Complete 
| 184|0x000000008da00000, 0x000000008db00000, 0x000000008db00000|100%| E|CS|TAMS 0x000000008da00000, 0x000000008da00000| Complete 
| 185|0x000000008db00000, 0x000000008dc00000, 0x000000008dc00000|100%| E|CS|TAMS 0x000000008db00000, 0x000000008db00000| Complete 
| 186|0x000000008dc00000, 0x000000008dd00000, 0x000000008dd00000|100%| E|CS|TAMS 0x000000008dc00000, 0x000000008dc00000| Complete 
| 187|0x000000008dd00000, 0x000000008de00000, 0x000000008de00000|100%| E|CS|TAMS 0x000000008dd00000, 0x000000008dd00000| Complete 
| 188|0x000000008de00000, 0x000000008df00000, 0x000000008df00000|100%| E|CS|TAMS 0x000000008de00000, 0x000000008de00000| Complete 
| 189|0x000000008df00000, 0x000000008e000000, 0x000000008e000000|100%| E|CS|TAMS 0x000000008df00000, 0x000000008df00000| Complete 
| 190|0x000000008e000000, 0x000000008e100000, 0x000000008e100000|100%| E|CS|TAMS 0x000000008e000000, 0x000000008e000000| Complete 
| 191|0x000000008e100000, 0x000000008e200000, 0x000000008e200000|100%| E|CS|TAMS 0x000000008e100000, 0x000000008e100000| Complete 
| 192|0x000000008e200000, 0x000000008e300000, 0x000000008e300000|100%| E|CS|TAMS 0x000000008e200000, 0x000000008e200000| Complete 
| 193|0x000000008e300000, 0x000000008e400000, 0x000000008e400000|100%| E|CS|TAMS 0x000000008e300000, 0x000000008e300000| Complete 
| 194|0x000000008e400000, 0x000000008e500000, 0x000000008e500000|100%| E|CS|TAMS 0x000000008e400000, 0x000000008e400000| Complete 
| 195|0x000000008e500000, 0x000000008e600000, 0x000000008e600000|100%| E|CS|TAMS 0x000000008e500000, 0x000000008e500000| Complete 
| 196|0x000000008e600000, 0x000000008e700000, 0x000000008e700000|100%| E|CS|TAMS 0x000000008e600000, 0x000000008e600000| Complete 
| 197|0x000000008e700000, 0x000000008e800000, 0x000000008e800000|100%| E|CS|TAMS 0x000000008e700000, 0x000000008e700000| Complete 
| 198|0x000000008e800000, 0x000000008e900000, 0x000000008e900000|100%| E|CS|TAMS 0x000000008e800000, 0x000000008e800000| Complete 
| 199|0x000000008e900000, 0x000000008ea00000, 0x000000008ea00000|100%| E|CS|TAMS 0x000000008e900000, 0x000000008e900000| Complete 
| 200|0x000000008ea00000, 0x000000008eb00000, 0x000000008eb00000|100%| E|CS|TAMS 0x000000008ea00000, 0x000000008ea00000| Complete 
| 201|0x000000008eb00000, 0x000000008ec00000, 0x000000008ec00000|100%| E|CS|TAMS 0x000000008eb00000, 0x000000008eb00000| Complete 
| 202|0x000000008ec00000, 0x000000008ed00000, 0x000000008ed00000|100%| E|CS|TAMS 0x000000008ec00000, 0x000000008ec00000| Complete 
| 203|0x000000008ed00000, 0x000000008ee00000, 0x000000008ee00000|100%| E|CS|TAMS 0x000000008ed00000, 0x000000008ed00000| Complete 
| 204|0x000000008ee00000, 0x000000008ef00000, 0x000000008ef00000|100%| E|CS|TAMS 0x000000008ee00000, 0x000000008ee00000| Complete 
| 205|0x000000008ef00000, 0x000000008f000000, 0x000000008f000000|100%| E|CS|TAMS 0x000000008ef00000, 0x000000008ef00000| Complete 
| 206|0x000000008f000000, 0x000000008f100000, 0x000000008f100000|100%| E|CS|TAMS 0x000000008f000000, 0x000000008f000000| Complete 
| 207|0x000000008f100000, 0x000000008f200000, 0x000000008f200000|100%| E|CS|TAMS 0x000000008f100000, 0x000000008f100000| Complete 
| 208|0x000000008f200000, 0x000000008f300000, 0x000000008f300000|100%| E|CS|TAMS 0x000000008f200000, 0x000000008f200000| Complete 
| 209|0x000000008f300000, 0x000000008f400000, 0x000000008f400000|100%| E|CS|TAMS 0x000000008f300000, 0x000000008f300000| Complete 
| 210|0x000000008f400000, 0x000000008f500000, 0x000000008f500000|100%| E|CS|TAMS 0x000000008f400000, 0x000000008f400000| Complete 
| 211|0x000000008f500000, 0x000000008f600000, 0x000000008f600000|100%| E|CS|TAMS 0x000000008f500000, 0x000000008f500000| Complete 
| 212|0x000000008f600000, 0x000000008f700000, 0x000000008f700000|100%| E|CS|TAMS 0x000000008f600000, 0x000000008f600000| Complete 
| 213|0x000000008f700000, 0x000000008f800000, 0x000000008f800000|100%| E|CS|TAMS 0x000000008f700000, 0x000000008f700000| Complete 
| 214|0x000000008f800000, 0x000000008f900000, 0x000000008f900000|100%| E|CS|TAMS 0x000000008f800000, 0x000000008f800000| Complete 
| 215|0x000000008f900000, 0x000000008fa00000, 0x000000008fa00000|100%| E|CS|TAMS 0x000000008f900000, 0x000000008f900000| Complete 
| 216|0x000000008fa00000, 0x000000008fb00000, 0x000000008fb00000|100%| E|CS|TAMS 0x000000008fa00000, 0x000000008fa00000| Complete 
| 217|0x000000008fb00000, 0x000000008fc00000, 0x000000008fc00000|100%| E|CS|TAMS 0x000000008fb00000, 0x000000008fb00000| Complete 
| 218|0x000000008fc00000, 0x000000008fd00000, 0x000000008fd00000|100%| E|CS|TAMS 0x000000008fc00000, 0x000000008fc00000| Complete 
| 219|0x000000008fd00000, 0x000000008fe00000, 0x000000008fe00000|100%| E|CS|TAMS 0x000000008fd00000, 0x000000008fd00000| Complete 
| 220|0x000000008fe00000, 0x000000008ff00000, 0x000000008ff00000|100%| E|CS|TAMS 0x000000008fe00000, 0x000000008fe00000| Complete 
| 221|0x000000008ff00000, 0x0000000090000000, 0x0000000090000000|100%| E|CS|TAMS 0x000000008ff00000, 0x000000008ff00000| Complete 
| 222|0x0000000090000000, 0x0000000090100000, 0x0000000090100000|100%| E|CS|TAMS 0x0000000090000000, 0x0000000090000000| Complete 

Card table byte_map: [0x000002006da50000,0x000002006de40000] _byte_map_base: 0x000002006d63f000

Marking Bits (Prev, Next): (CMBitMap*) 0x0000020056e0b330, (CMBitMap*) 0x0000020056e0b370
 Prev Bits: [0x000002006e230000, 0x00000200701a8000)
 Next Bits: [0x00000200701b0000, 0x0000020072128000)

Polling page: 0x0000020054c60000

Metaspace:

Usage:
  Non-class:     60.09 MB used.
      Class:      7.70 MB used.
       Both:     67.79 MB used.

Virtual space:
  Non-class space:       64.00 MB reserved,      60.31 MB ( 94%) committed,  1 nodes.
      Class space:        1.00 GB reserved,       7.81 MB ( <1%) committed,  1 nodes.
             Both:        1.06 GB reserved,      68.12 MB (  6%) committed. 

Chunk freelists:
   Non-Class:  2.98 MB
       Class:  8.06 MB
        Both:  11.05 MB

MaxMetaspaceSize: unlimited
CompressedClassSpaceSize: 1.00 GB
Initial GC threshold: 21.00 MB
Current GC threshold: 77.50 MB
CDS: on
MetaspaceReclaimPolicy: balanced
 - commit_granule_bytes: 65536.
 - commit_granule_words: 8192.
 - virtual_space_node_default_size: 8388608.
 - enlarge_chunks_in_place: 1.
 - new_chunks_are_fully_committed: 0.
 - uncommit_free_chunks: 1.
 - use_allocation_guard: 0.
 - handle_deallocations: 1.


Internal statistics:

num_allocs_failed_limit: 6.
num_arena_births: 336.
num_arena_deaths: 0.
num_vsnodes_births: 2.
num_vsnodes_deaths: 0.
num_space_committed: 1088.
num_space_uncommitted: 0.
num_chunks_returned_to_freelist: 6.
num_chunks_taken_from_freelist: 2762.
num_chunk_merges: 6.
num_chunk_splits: 2258.
num_chunks_enlarged: 1995.
num_inconsistent_stats: 0.

CodeHeap 'non-profiled nmethods': size=120000Kb used=5210Kb max_used=5210Kb free=114790Kb
 bounds [0x0000020066130000, 0x0000020066650000, 0x000002006d660000]
CodeHeap 'profiled nmethods': size=120000Kb used=23373Kb max_used=23373Kb free=96626Kb
 bounds [0x000002005e660000, 0x000002005fd50000, 0x0000020065b90000]
CodeHeap 'non-nmethods': size=5760Kb used=1395Kb max_used=1453Kb free=4364Kb
 bounds [0x0000020065b90000, 0x0000020065e00000, 0x0000020066130000]
 total_blobs=10903 nmethods=10182 adapters=630
 compilation: enabled
              stopped_count=0, restarted_count=0
 full_count=0

Compilation events (20 events):
Event: 22.061 Thread 0x00000200745daeb0 nmethod 12624 0x0000020066642710 code [0x00000200666428a0, 0x0000020066642a98]
Event: 22.061 Thread 0x00000200745dc7d0 12686       2       org.jetbrains.kotlin.ir.visitors.IrElementVisitor$DefaultImpls::visitConstructor (18 bytes)
Event: 22.061 Thread 0x00000200745daeb0 12368       4       org.jetbrains.kotlin.ir.declarations.IrFunction::transformChildren (99 bytes)
Event: 22.062 Thread 0x00000200745dc7d0 nmethod 12686 0x000002005f4b4410 code [0x000002005f4b4600, 0x000002005f4b48c8]
Event: 22.062 Thread 0x00000200745dc7d0 12687       2       org.jetbrains.kotlin.backend.jvm.ir.IrInlineReferenceLocator::visitGetField (13 bytes)
Event: 22.063 Thread 0x00000200745dc7d0 nmethod 12687 0x000002005f4b3c90 code [0x000002005f4b3e80, 0x000002005f4b41c8]
Event: 22.063 Thread 0x00000200745dc7d0 12688       2       org.jetbrains.kotlin.backend.jvm.ir.IrInlineReferenceLocator::visitGetField (8 bytes)
Event: 22.063 Thread 0x00000200745dc7d0 nmethod 12688 0x000002005f4b3590 code [0x000002005f4b3780, 0x000002005f4b3a68]
Event: 22.063 Thread 0x00000200745dc7d0 12689       2       org.jetbrains.kotlin.backend.jvm.lower.JvmOptimizationLowering$Transformer::getInlineableValueForTemporaryVal (179 bytes)
Event: 22.064 Thread 0x00000200745dc7d0 nmethod 12689 0x000002005f4b2910 code [0x000002005f4b2b80, 0x000002005f4b32c8]
Event: 22.064 Thread 0x00000200745dc7d0 12690       2       org.jetbrains.kotlin.ir.visitors.IrElementVisitorVoid$DefaultImpls::visitElseBranch (15 bytes)
Event: 22.065 Thread 0x00000200745dc7d0 nmethod 12690 0x000002005f4b2290 code [0x000002005f4b2480, 0x000002005f4b2748]
Event: 22.065 Thread 0x00000200745dc7d0 12691       2       org.jetbrains.kotlin.ir.visitors.IrElementVisitorVoid$DefaultImpls::visitElseBranch (18 bytes)
Event: 22.065 Thread 0x00000200745dc7d0 nmethod 12691 0x000002005f4b1c10 code [0x000002005f4b1e00, 0x000002005f4b20c8]
Event: 22.065 Thread 0x00000200745dc7d0 12692       2       org.jetbrains.kotlin.ir.visitors.IrElementVisitor$DefaultImpls::visitBlock (18 bytes)
Event: 22.066 Thread 0x00000200745dc7d0 nmethod 12692 0x000002005f4b1590 code [0x000002005f4b1780, 0x000002005f4b1a48]
Event: 22.066 Thread 0x00000200745dc7d0 12693       2       org.jetbrains.kotlin.ir.visitors.IrElementVisitor$DefaultImpls::visitContainerExpression (18 bytes)
Event: 22.066 Thread 0x00000200745dc7d0 nmethod 12693 0x000002005faa9290 code [0x000002005faa9480, 0x000002005faa9748]
Event: 22.067 Thread 0x00000200745dc7d0 12694       2       org.jetbrains.kotlin.ir.visitors.IrElementVisitor$DefaultImpls::visitElseBranch (19 bytes)
Event: 22.067 Thread 0x00000200745dc7d0 nmethod 12694 0x000002005faa8c10 code [0x000002005faa8e00, 0x000002005faa90c8]

GC Heap History (20 events):
Event: 8.456 GC heap before
{Heap before GC invocations=10 (full 0):
 garbage-first heap   total 78848K, used 59345K [0x0000000082200000, 0x0000000100000000)
  region size 1024K, 28 young (28672K), 4 survivors (4096K)
 Metaspace       used 43605K, committed 43840K, reserved 1114112K
  class space    used 5329K, committed 5440K, reserved 1048576K
}
Event: 8.469 GC heap after
{Heap after GC invocations=11 (full 0):
 garbage-first heap   total 78848K, used 40087K [0x0000000082200000, 0x0000000100000000)
  region size 1024K, 4 young (4096K), 4 survivors (4096K)
 Metaspace       used 43605K, committed 43840K, reserved 1114112K
  class space    used 5329K, committed 5440K, reserved 1048576K
}
Event: 9.035 GC heap before
{Heap before GC invocations=11 (full 0):
 garbage-first heap   total 78848K, used 59543K [0x0000000082200000, 0x0000000100000000)
  region size 1024K, 23 young (23552K), 4 survivors (4096K)
 Metaspace       used 45666K, committed 45952K, reserved 1114112K
  class space    used 5616K, committed 5760K, reserved 1048576K
}
Event: 9.048 GC heap after
{Heap after GC invocations=12 (full 0):
 garbage-first heap   total 78848K, used 44636K [0x0000000082200000, 0x0000000100000000)
  region size 1024K, 3 young (3072K), 3 survivors (3072K)
 Metaspace       used 45666K, committed 45952K, reserved 1114112K
  class space    used 5616K, committed 5760K, reserved 1048576K
}
Event: 9.378 GC heap before
{Heap before GC invocations=13 (full 0):
 garbage-first heap   total 81920K, used 59996K [0x0000000082200000, 0x0000000100000000)
  region size 1024K, 18 young (18432K), 3 survivors (3072K)
 Metaspace       used 46937K, committed 47232K, reserved 1114112K
  class space    used 5762K, committed 5888K, reserved 1048576K
}
Event: 9.390 GC heap after
{Heap after GC invocations=14 (full 0):
 garbage-first heap   total 81920K, used 48262K [0x0000000082200000, 0x0000000100000000)
  region size 1024K, 3 young (3072K), 3 survivors (3072K)
 Metaspace       used 46937K, committed 47232K, reserved 1114112K
  class space    used 5762K, committed 5888K, reserved 1048576K
}
Event: 9.393 GC heap before
{Heap before GC invocations=14 (full 0):
 garbage-first heap   total 81920K, used 49286K [0x0000000082200000, 0x0000000100000000)
  region size 1024K, 4 young (4096K), 3 survivors (3072K)
 Metaspace       used 46937K, committed 47232K, reserved 1114112K
  class space    used 5762K, committed 5888K, reserved 1048576K
}
Event: 9.401 GC heap after
{Heap after GC invocations=15 (full 0):
 garbage-first heap   total 81920K, used 48637K [0x0000000082200000, 0x0000000100000000)
  region size 1024K, 1 young (1024K), 1 survivors (1024K)
 Metaspace       used 46937K, committed 47232K, reserved 1114112K
  class space    used 5762K, committed 5888K, reserved 1048576K
}
Event: 9.512 GC heap before
{Heap before GC invocations=15 (full 0):
 garbage-first heap   total 81920K, used 63997K [0x0000000082200000, 0x0000000100000000)
  region size 1024K, 16 young (16384K), 1 survivors (1024K)
 Metaspace       used 46984K, committed 47232K, reserved 1114112K
  class space    used 5764K, committed 5888K, reserved 1048576K
}
Event: 9.519 GC heap after
{Heap after GC invocations=16 (full 0):
 garbage-first heap   total 81920K, used 50986K [0x0000000082200000, 0x0000000100000000)
  region size 1024K, 2 young (2048K), 2 survivors (2048K)
 Metaspace       used 46984K, committed 47232K, reserved 1114112K
  class space    used 5764K, committed 5888K, reserved 1048576K
}
Event: 9.836 GC heap before
{Heap before GC invocations=17 (full 0):
 garbage-first heap   total 91136K, used 64298K [0x0000000082200000, 0x0000000100000000)
  region size 1024K, 15 young (15360K), 2 survivors (2048K)
 Metaspace       used 47686K, committed 48000K, reserved 1114112K
  class space    used 5841K, committed 5952K, reserved 1048576K
}
Event: 9.846 GC heap after
{Heap after GC invocations=18 (full 0):
 garbage-first heap   total 91136K, used 52282K [0x0000000082200000, 0x0000000100000000)
  region size 1024K, 2 young (2048K), 2 survivors (2048K)
 Metaspace       used 47686K, committed 48000K, reserved 1114112K
  class space    used 5841K, committed 5952K, reserved 1048576K
}
Event: 9.897 GC heap before
{Heap before GC invocations=18 (full 0):
 garbage-first heap   total 91136K, used 54330K [0x0000000082200000, 0x0000000100000000)
  region size 1024K, 4 young (4096K), 2 survivors (2048K)
 Metaspace       used 47972K, committed 48320K, reserved 1114112K
  class space    used 5874K, committed 6016K, reserved 1048576K
}
Event: 9.903 GC heap after
{Heap after GC invocations=19 (full 0):
 garbage-first heap   total 228352K, used 52158K [0x0000000082200000, 0x0000000100000000)
  region size 1024K, 1 young (1024K), 1 survivors (1024K)
 Metaspace       used 47972K, committed 48320K, reserved 1114112K
  class space    used 5874K, committed 6016K, reserved 1048576K
}
Event: 14.203 GC heap before
{Heap before GC invocations=19 (full 0):
 garbage-first heap   total 228352K, used 150462K [0x0000000082200000, 0x0000000100000000)
  region size 1024K, 97 young (99328K), 1 survivors (1024K)
 Metaspace       used 54940K, committed 55232K, reserved 1114112K
  class space    used 6552K, committed 6656K, reserved 1048576K
}
Event: 14.228 GC heap after
{Heap after GC invocations=20 (full 0):
 garbage-first heap   total 228352K, used 65794K [0x0000000082200000, 0x0000000100000000)
  region size 1024K, 13 young (13312K), 13 survivors (13312K)
 Metaspace       used 54940K, committed 55232K, reserved 1114112K
  class space    used 6552K, committed 6656K, reserved 1048576K
}
Event: 16.800 GC heap before
{Heap before GC invocations=20 (full 0):
 garbage-first heap   total 228352K, used 153858K [0x0000000082200000, 0x0000000100000000)
  region size 1024K, 99 young (101376K), 13 survivors (13312K)
 Metaspace       used 58960K, committed 59264K, reserved 1114112K
  class space    used 6912K, committed 7040K, reserved 1048576K
}
Event: 16.843 GC heap after
{Heap after GC invocations=21 (full 0):
 garbage-first heap   total 228352K, used 79413K [0x0000000082200000, 0x0000000100000000)
  region size 1024K, 13 young (13312K), 13 survivors (13312K)
 Metaspace       used 58960K, committed 59264K, reserved 1114112K
  class space    used 6912K, committed 7040K, reserved 1048576K
}
Event: 20.152 GC heap before
{Heap before GC invocations=21 (full 0):
 garbage-first heap   total 228352K, used 161333K [0x0000000082200000, 0x0000000100000000)
  region size 1024K, 93 young (95232K), 13 survivors (13312K)
 Metaspace       used 65765K, committed 66112K, reserved 1114112K
  class space    used 7534K, committed 7680K, reserved 1048576K
}
Event: 20.199 GC heap after
{Heap after GC invocations=22 (full 0):
 garbage-first heap   total 228352K, used 93180K [0x0000000082200000, 0x0000000100000000)
  region size 1024K, 12 young (12288K), 12 survivors (12288K)
 Metaspace       used 65765K, committed 66112K, reserved 1114112K
  class space    used 7534K, committed 7680K, reserved 1048576K
}

Deoptimization events (20 events):
Event: 21.882 Thread 0x0000020056daf9d0 Uncommon trap: trap_request=0xffffffc6 fr.pc=0x000002006659aa20 relative=0x00000000000004c0
Event: 21.882 Thread 0x0000020056daf9d0 Uncommon trap: reason=bimorphic_or_optimized_type_check action=maybe_recompile pc=0x000002006659aa20 method=org.jetbrains.kotlin.ir.util.TransformKt.transformIfNeeded(Ljava/util/List;Lorg/jetbrains/kotlin/ir/visitors/IrElementTransformer;Ljava/lang/Object
Event: 21.882 Thread 0x0000020056daf9d0 DEOPT PACKING pc=0x000002006659aa20 sp=0x000000ddee3fcfc0
Event: 21.882 Thread 0x0000020056daf9d0 DEOPT UNPACKING pc=0x0000020065be23a3 sp=0x000000ddee3fcf60 mode 2
Event: 21.882 Thread 0x0000020056daf9d0 Uncommon trap: trap_request=0xffffffc6 fr.pc=0x000002006659aa20 relative=0x00000000000004c0
Event: 21.882 Thread 0x0000020056daf9d0 Uncommon trap: reason=bimorphic_or_optimized_type_check action=maybe_recompile pc=0x000002006659aa20 method=org.jetbrains.kotlin.ir.util.TransformKt.transformIfNeeded(Ljava/util/List;Lorg/jetbrains/kotlin/ir/visitors/IrElementTransformer;Ljava/lang/Object
Event: 21.882 Thread 0x0000020056daf9d0 DEOPT PACKING pc=0x000002006659aa20 sp=0x000000ddee3fcc10
Event: 21.882 Thread 0x0000020056daf9d0 DEOPT UNPACKING pc=0x0000020065be23a3 sp=0x000000ddee3fcbb0 mode 2
Event: 21.882 Thread 0x0000020056daf9d0 Uncommon trap: trap_request=0xffffffc6 fr.pc=0x000002006659aa20 relative=0x00000000000004c0
Event: 21.882 Thread 0x0000020056daf9d0 Uncommon trap: reason=bimorphic_or_optimized_type_check action=maybe_recompile pc=0x000002006659aa20 method=org.jetbrains.kotlin.ir.util.TransformKt.transformIfNeeded(Ljava/util/List;Lorg/jetbrains/kotlin/ir/visitors/IrElementTransformer;Ljava/lang/Object
Event: 21.882 Thread 0x0000020056daf9d0 DEOPT PACKING pc=0x000002006659aa20 sp=0x000000ddee3fcfc0
Event: 21.882 Thread 0x0000020056daf9d0 DEOPT UNPACKING pc=0x0000020065be23a3 sp=0x000000ddee3fcf60 mode 2
Event: 21.883 Thread 0x0000020056daf9d0 Uncommon trap: trap_request=0xffffffc6 fr.pc=0x000002006662e454 relative=0x0000000000000674
Event: 21.883 Thread 0x0000020056daf9d0 Uncommon trap: reason=bimorphic_or_optimized_type_check action=maybe_recompile pc=0x000002006662e454 method=org.jetbrains.kotlin.ir.declarations.IrFunction.acceptChildren(Lorg/jetbrains/kotlin/ir/visitors/IrElementVisitor;Ljava/lang/Object;)V @ 115 c2
Event: 21.883 Thread 0x0000020056daf9d0 DEOPT PACKING pc=0x000002006662e454 sp=0x000000ddee3fd250
Event: 21.883 Thread 0x0000020056daf9d0 DEOPT UNPACKING pc=0x0000020065be23a3 sp=0x000000ddee3fd1f8 mode 2
Event: 21.883 Thread 0x0000020056daf9d0 Uncommon trap: trap_request=0xffffffc6 fr.pc=0x000002006662e454 relative=0x0000000000000674
Event: 21.883 Thread 0x0000020056daf9d0 Uncommon trap: reason=bimorphic_or_optimized_type_check action=maybe_recompile pc=0x000002006662e454 method=org.jetbrains.kotlin.ir.declarations.IrFunction.acceptChildren(Lorg/jetbrains/kotlin/ir/visitors/IrElementVisitor;Ljava/lang/Object;)V @ 115 c2
Event: 21.883 Thread 0x0000020056daf9d0 DEOPT PACKING pc=0x000002006662e454 sp=0x000000ddee3fd550
Event: 21.883 Thread 0x0000020056daf9d0 DEOPT UNPACKING pc=0x0000020065be23a3 sp=0x000000ddee3fd4f8 mode 2

Classes unloaded (0 events):
No events

Classes redefined (0 events):
No events

Internal exceptions (20 events):
Event: 10.153 Thread 0x0000020056daf9d0 Exception <a 'java/lang/NoSuchMethodError'{0x000000008fd65078}: 'java.lang.Object java.lang.invoke.DirectMethodHandle$Holder.invokeStaticInit(java.lang.Object, java.lang.Object, java.lang.Object)'> (0x000000008fd65078) 
thrown [s\open\src\hotspot\share\interpreter\linkResolver.cpp, line 759]
Event: 11.351 Thread 0x0000020056daf9d0 Implicit null exception at 0x000002006617b371 to 0x000002006617b554
Event: 11.351 Thread 0x0000020056daf9d0 Implicit null exception at 0x0000020066198a8f to 0x0000020066198b09
Event: 12.005 Thread 0x0000020056daf9d0 Implicit null exception at 0x00000200662c554c to 0x00000200662c5628
Event: 12.143 Thread 0x0000020056daf9d0 Exception <a 'java/lang/NoSuchMethodError'{0x000000008cb34e08}: 'void java.lang.invoke.DirectMethodHandle$Holder.invokeInterface(java.lang.Object, java.lang.Object)'> (0x000000008cb34e08) 
thrown [s\open\src\hotspot\share\interpreter\linkResolver.cpp, line 759]
Event: 12.174 Thread 0x0000020056daf9d0 Exception <a 'java/lang/NoSuchMethodError'{0x000000008cbb2db8}: 'void java.lang.invoke.DirectMethodHandle$Holder.invokeSpecial(java.lang.Object, java.lang.Object, int, java.lang.Object)'> (0x000000008cbb2db8) 
thrown [s\open\src\hotspot\share\interpreter\linkResolver.cpp, line 759]
Event: 12.336 Thread 0x0000020056daf9d0 Implicit null exception at 0x000002006614b872 to 0x000002006614be0c
Event: 12.345 Thread 0x0000020056daf9d0 Implicit null exception at 0x00000200663f658e to 0x00000200663f8030
Event: 12.345 Thread 0x0000020056daf9d0 Implicit null exception at 0x00000200663e611b to 0x00000200663e6830
Event: 12.376 Thread 0x0000020056daf9d0 Exception <a 'java/lang/NoSuchMethodError'{0x000000008c657d48}: 'java.lang.Object java.lang.invoke.DirectMethodHandle$Holder.invokeInterface(java.lang.Object, java.lang.Object, java.lang.Object)'> (0x000000008c657d48) 
thrown [s\open\src\hotspot\share\interpreter\linkResolver.cpp, line 759]
Event: 12.377 Thread 0x0000020056daf9d0 Exception <a 'java/lang/IncompatibleClassChangeError'{0x000000008c65b6b8}: Found class java.lang.Object, but interface was expected> (0x000000008c65b6b8) 
thrown [s\open\src\hotspot\share\interpreter\linkResolver.cpp, line 826]
Event: 12.409 Thread 0x0000020056daf9d0 Implicit null exception at 0x000002006614d072 to 0x000002006614d620
Event: 12.784 Thread 0x0000020056daf9d0 Implicit null exception at 0x00000200663f1ebc to 0x00000200663f27b0
Event: 12.925 Thread 0x0000020056daf9d0 Exception <a 'java/lang/NoSuchMethodError'{0x000000008baa9588}: 'java.lang.Object java.lang.invoke.DirectMethodHandle$Holder.newInvokeSpecial(java.lang.Object, java.lang.Object, java.lang.Object, java.lang.Object, java.lang.Object, java.lang.Object, java.lang.Object, java.lang.Object)'> (0x000000008baa9588) 
thrown [s\open\src\hotspot\share\interpreter\linkResolver.cpp, line 759]
Event: 12.926 Thread 0x0000020056daf9d0 Exception <a 'java/lang/NoSuchMethodError'{0x000000008baaeba0}: 'java.lang.Object java.lang.invoke.DirectMethodHandle$Holder.invokeSpecial(java.lang.Object, java.lang.Object, java.lang.Object, java.lang.Object, java.lang.Object, java.lang.Object, java.lang.Object, java.lang.Object, java.lang.Object)'> (0x000000008baaeba0) 
thrown [s\open\src\hotspot\share\interpreter\linkResolver.cpp, line 759]
Event: 12.927 Thread 0x0000020056daf9d0 Exception <a 'java/lang/NoSuchMethodError'{0x000000008bab3ad0}: 'java.lang.Object java.lang.invoke.Invokers$Holder.linkToTargetMethod(java.lang.Object, java.lang.Object, java.lang.Object, java.lang.Object, java.lang.Object, java.lang.Object, java.lang.Object, java.lang.Object)'> (0x000000008bab3ad0) 
thrown [s\open\src\hotspot\share\interpreter\linkResolver.cpp, line 759]
Event: 14.264 Thread 0x0000020056daf9d0 Exception <a 'java/lang/NoSuchMethodError'{0x00000000900e4048}: 'int java.lang.invoke.DirectMethodHandle$Holder.invokeStaticInit(java.lang.Object, int)'> (0x00000000900e4048) 
thrown [s\open\src\hotspot\share\interpreter\linkResolver.cpp, line 759]
Event: 14.341 Thread 0x0000020056daf9d0 Exception <a 'java/lang/NoSuchMethodError'{0x000000008fc765e8}: 'java.lang.Object java.lang.invoke.DirectMethodHandle$Holder.invokeStatic(java.lang.Object, int, java.lang.Object)'> (0x000000008fc765e8) 
thrown [s\open\src\hotspot\share\interpreter\linkResolver.cpp, line 759]
Event: 14.352 Thread 0x0000020056daf9d0 Exception <a 'java/lang/NoSuchMethodError'{0x000000008fca2078}: 'java.lang.Object java.lang.invoke.DirectMethodHandle$Holder.newInvokeSpecial(java.lang.Object, int, java.lang.Object, java.lang.Object)'> (0x000000008fca2078) 
thrown [s\open\src\hotspot\share\interpreter\linkResolver.cpp, line 759]
Event: 14.353 Thread 0x0000020056daf9d0 Exception <a 'java/lang/NoSuchMethodError'{0x000000008fca6a70}: 'java.lang.Object java.lang.invoke.DirectMethodHandle$Holder.invokeSpecial(java.lang.Object, java.lang.Object, int, java.lang.Object, java.lang.Object)'> (0x000000008fca6a70) 
thrown [s\open\src\hotspot\share\interpreter\linkResolver.cpp, line 759]

VM Operations (20 events):
Event: 20.721 Executing VM operation: HandshakeAllThreads
Event: 20.722 Executing VM operation: HandshakeAllThreads done
Event: 20.805 Executing VM operation: HandshakeAllThreads
Event: 20.805 Executing VM operation: HandshakeAllThreads done
Event: 20.869 Executing VM operation: HandshakeAllThreads
Event: 20.869 Executing VM operation: HandshakeAllThreads done
Event: 20.879 Executing VM operation: ICBufferFull
Event: 20.879 Executing VM operation: ICBufferFull done
Event: 21.229 Executing VM operation: HandshakeAllThreads
Event: 21.229 Executing VM operation: HandshakeAllThreads done
Event: 21.346 Executing VM operation: ICBufferFull
Event: 21.346 Executing VM operation: ICBufferFull done
Event: 21.407 Executing VM operation: HandshakeAllThreads
Event: 21.407 Executing VM operation: HandshakeAllThreads done
Event: 21.454 Executing VM operation: ICBufferFull
Event: 21.454 Executing VM operation: ICBufferFull done
Event: 21.607 Executing VM operation: ICBufferFull
Event: 21.608 Executing VM operation: ICBufferFull done
Event: 21.977 Executing VM operation: ICBufferFull
Event: 21.977 Executing VM operation: ICBufferFull done

Events (20 events):
Event: 20.750 Thread 0x00000200745e78c0 flushing nmethod 0x000002005fc2eb90
Event: 20.750 Thread 0x00000200745e78c0 flushing nmethod 0x000002005fc30790
Event: 20.750 Thread 0x00000200745e78c0 flushing nmethod 0x000002005fc38790
Event: 20.750 Thread 0x00000200745e78c0 flushing nmethod 0x000002005fc3d990
Event: 20.750 Thread 0x00000200745e78c0 flushing nmethod 0x000002005fc5dc90
Event: 20.750 Thread 0x00000200745e78c0 flushing nmethod 0x000002005fc66590
Event: 20.750 Thread 0x00000200745e78c0 flushing nmethod 0x000002005fc7b390
Event: 20.750 Thread 0x00000200745e78c0 flushing nmethod 0x000002005fc7e390
Event: 20.750 Thread 0x00000200745e78c0 flushing nmethod 0x000002005fc80090
Event: 20.750 Thread 0x00000200745e78c0 flushing nmethod 0x000002005fc80610
Event: 20.750 Thread 0x00000200745e78c0 flushing nmethod 0x000002005fc84310
Event: 20.750 Thread 0x00000200745e78c0 flushing nmethod 0x000002005fca5810
Event: 20.750 Thread 0x00000200745e78c0 flushing nmethod 0x000002005fca8610
Event: 20.750 Thread 0x00000200745e78c0 flushing nmethod 0x000002005fca8a10
Event: 20.750 Thread 0x00000200745e78c0 flushing nmethod 0x000002005fcaa610
Event: 20.750 Thread 0x00000200745e78c0 flushing nmethod 0x000002005fcbdd10
Event: 20.750 Thread 0x00000200745e78c0 flushing nmethod 0x000002005fcbef10
Event: 20.750 Thread 0x00000200745e78c0 flushing nmethod 0x000002005fcbfd90
Event: 20.750 Thread 0x00000200745e78c0 flushing nmethod 0x000002005fcc0210
Event: 20.750 Thread 0x00000200745e78c0 flushing nmethod 0x000002005fcc1090


Dynamic libraries:
0x00007ff775b70000 - 0x00007ff775b80000 	C:\Program Files\Java\jdk-17.0.9\bin\java.exe
0x00007ff857ab0000 - 0x00007ff857ca8000 	C:\WINDOWS\SYSTEM32\ntdll.dll
0x00007ff855af0000 - 0x00007ff855baf000 	C:\WINDOWS\System32\KERNEL32.DLL
0x00007ff8554a0000 - 0x00007ff855772000 	C:\WINDOWS\System32\KERNELBASE.dll
0x00007ff855240000 - 0x00007ff855340000 	C:\WINDOWS\System32\ucrtbase.dll
0x00007ff850520000 - 0x00007ff85053b000 	C:\Program Files\Java\jdk-17.0.9\bin\VCRUNTIME140.dll
0x00007ff84fe30000 - 0x00007ff84fe49000 	C:\Program Files\Java\jdk-17.0.9\bin\jli.dll
0x00007ff856fe0000 - 0x00007ff85708e000 	C:\WINDOWS\System32\ADVAPI32.dll
0x00007ff8579d0000 - 0x00007ff857a6e000 	C:\WINDOWS\System32\msvcrt.dll
0x00007ff856640000 - 0x00007ff8566dc000 	C:\WINDOWS\System32\sechost.dll
0x00007ff855bc0000 - 0x00007ff855ce5000 	C:\WINDOWS\System32\RPCRT4.dll
0x00007ff856170000 - 0x00007ff856311000 	C:\WINDOWS\System32\USER32.dll
0x00007ff8558e0000 - 0x00007ff855902000 	C:\WINDOWS\System32\win32u.dll
0x00007ff857180000 - 0x00007ff8571ab000 	C:\WINDOWS\System32\GDI32.dll
0x00007ff855340000 - 0x00007ff85544f000 	C:\WINDOWS\System32\gdi32full.dll
0x00007ff8551a0000 - 0x00007ff85523d000 	C:\WINDOWS\System32\msvcp_win.dll
0x00007ff843f20000 - 0x00007ff8441ba000 	C:\WINDOWS\WinSxS\amd64_microsoft.windows.common-controls_6595b64144ccf1df_6.0.19041.1110_none_60b5254171f9507e\COMCTL32.dll
0x00007ff844a00000 - 0x00007ff844a0a000 	C:\WINDOWS\SYSTEM32\VERSION.dll
0x00007ff857230000 - 0x00007ff857262000 	C:\WINDOWS\System32\IMM32.DLL
0x00007ff852960000 - 0x00007ff85296c000 	C:\Program Files\Java\jdk-17.0.9\bin\vcruntime140_1.dll
0x00007ff83c870000 - 0x00007ff83c8fe000 	C:\Program Files\Java\jdk-17.0.9\bin\msvcp140.dll
0x00007ff8213e0000 - 0x00007ff821fc1000 	C:\Program Files\Java\jdk-17.0.9\bin\server\jvm.dll
0x00007ff856430000 - 0x00007ff856438000 	C:\WINDOWS\System32\PSAPI.DLL
0x00007ff83c6b0000 - 0x00007ff83c6b9000 	C:\WINDOWS\SYSTEM32\WSOCK32.dll
0x00007ff843650000 - 0x00007ff843677000 	C:\WINDOWS\SYSTEM32\WINMM.dll
0x00007ff857110000 - 0x00007ff85717b000 	C:\WINDOWS\System32\WS2_32.dll
0x00007ff853020000 - 0x00007ff853032000 	C:\WINDOWS\SYSTEM32\kernel.appcore.dll
0x00007ff850b90000 - 0x00007ff850b9a000 	C:\Program Files\Java\jdk-17.0.9\bin\jimage.dll
0x00007ff843060000 - 0x00007ff843244000 	C:\WINDOWS\SYSTEM32\DBGHELP.DLL
0x00007ff841d50000 - 0x00007ff841d85000 	C:\WINDOWS\SYSTEM32\dbgcore.DLL
0x00007ff855a30000 - 0x00007ff855ab2000 	C:\WINDOWS\System32\bcryptPrimitives.dll
0x00007ff84ddb0000 - 0x00007ff84ddd5000 	C:\Program Files\Java\jdk-17.0.9\bin\java.dll
0x00007ff836dc0000 - 0x00007ff836e97000 	C:\Program Files\Java\jdk-17.0.9\bin\jsvml.dll
0x00007ff8566e0000 - 0x00007ff856e25000 	C:\WINDOWS\System32\SHELL32.dll
0x00007ff853220000 - 0x00007ff8539b2000 	C:\WINDOWS\SYSTEM32\windows.storage.dll
0x00007ff855cf0000 - 0x00007ff856045000 	C:\WINDOWS\System32\combase.dll
0x00007ff854b20000 - 0x00007ff854b50000 	C:\WINDOWS\SYSTEM32\Wldp.dll
0x00007ff856590000 - 0x00007ff85663d000 	C:\WINDOWS\System32\SHCORE.dll
0x00007ff856320000 - 0x00007ff856375000 	C:\WINDOWS\System32\shlwapi.dll
0x00007ff8550e0000 - 0x00007ff8550ff000 	C:\WINDOWS\SYSTEM32\profapi.dll
0x00007ff846be0000 - 0x00007ff846bf9000 	C:\Program Files\Java\jdk-17.0.9\bin\net.dll
0x00007ff84f2e0000 - 0x00007ff84f3ec000 	C:\WINDOWS\SYSTEM32\WINHTTP.dll
0x00007ff854900000 - 0x00007ff85496a000 	C:\WINDOWS\system32\mswsock.dll
0x00007ff846b30000 - 0x00007ff846b46000 	C:\Program Files\Java\jdk-17.0.9\bin\nio.dll
0x00007ff84b390000 - 0x00007ff84b3a8000 	C:\Program Files\Java\jdk-17.0.9\bin\zip.dll
0x00007ff850550000 - 0x00007ff850560000 	C:\Program Files\Java\jdk-17.0.9\bin\verify.dll

dbghelp: loaded successfully - version: 4.0.5 - missing functions: none
symbol engine: initialized successfully - sym options: 0x614 - pdb path: .;C:\Program Files\Java\jdk-17.0.9\bin;C:\WINDOWS\SYSTEM32;C:\WINDOWS\WinSxS\amd64_microsoft.windows.common-controls_6595b64144ccf1df_6.0.19041.1110_none_60b5254171f9507e;C:\Program Files\Java\jdk-17.0.9\bin\server

VM Arguments:
java_command: org.jetbrains.kotlin.cli.jvm.K2JVMCompiler @D:\logikoof\Android_Projects\BaseLibApp\baseLibv1\build\20250919_16675405273171071428.compiler.options
java_class_path (initial): C:\Users\admin\.gradle\caches\modules-2\files-2.1\org.jetbrains.kotlin\kotlin-compiler-embeddable\1.8.22\e2cf111da088dc807a74157741b4cd4b664edfb7\kotlin-compiler-embeddable-1.8.22.jar;C:\Users\admin\.gradle\caches\modules-2\files-2.1\org.jetbrains.kotlin\kotlin-stdlib\1.8.22\636bf8b320e7627482771bbac9ed7246773c02bd\kotlin-stdlib-1.8.22.jar;C:\Users\admin\.gradle\caches\modules-2\files-2.1\org.jetbrains.kotlin\kotlin-script-runtime\1.8.22\ce5ff1f309623f8c1be5143bdba032c4a04cec3a\kotlin-script-runtime-1.8.22.jar;C:\Users\admin\.gradle\caches\modules-2\files-2.1\org.jetbrains.kotlin\kotlin-reflect\1.6.10\1cbe9c92c12a94eea200d23c2bbaedaf3daf5132\kotlin-reflect-1.6.10.jar;C:\Users\admin\.gradle\caches\modules-2\files-2.1\org.jetbrains.kotlin\kotlin-daemon-embeddable\1.8.22\7d9f7e06a59d2fcbc9b373400c146f42fd722e81\kotlin-daemon-embeddable-1.8.22.jar;C:\Users\admin\.gradle\caches\modules-2\files-2.1\org.jetbrains.intellij.deps\trove4j\1.0.20200330\3afb14d5f9ceb459d724e907a21145e8ff394f02\trove4j-1.0.20200330.jar;C:\Users\admin\.gradle\caches\modules-2\files-2.1\net.java.dev.jna\jna\5.6.0\330f2244e9030119ab3030fc3fededc86713d9cc\jna-5.6.0.jar;C:\Users\admin\.gradle\caches\modules-2\files-2.1\org.jetbrains.kotlin\kotlin-stdlib-common\1.8.22\1a8e3601703ae14bb58757ea6b2d8e8e5935a586\kotlin-stdlib-common-1.8.22.jar;C:\Users\admin\.gradle\caches\modules-2\files-2.1\org.jetbrains\annotations\13.0\919f0dfe192fb4e063e7dacadee7f8bb9a2672a9\annotations-13.0.jar
Launcher Type: SUN_STANDARD

[Global flags]
     intx CICompilerCount                          = 3                                         {product} {ergonomic}
     uint ConcGCThreads                            = 1                                         {product} {ergonomic}
     uint G1ConcRefinementThreads                  = 4                                         {product} {ergonomic}
   size_t G1HeapRegionSize                         = 1048576                                   {product} {ergonomic}
    uintx GCDrainStackTargetSize                   = 64                                        {product} {ergonomic}
   size_t InitialHeapSize                          = 132120576                                 {product} {ergonomic}
   size_t MarkStackSize                            = 4194304                                   {product} {ergonomic}
   size_t MaxHeapSize                              = 2111832064                                {product} {ergonomic}
   size_t MaxNewSize                               = 1266679808                                {product} {ergonomic}
   size_t MinHeapDeltaBytes                        = 1048576                                   {product} {ergonomic}
   size_t MinHeapSize                              = 8388608                                   {product} {ergonomic}
    uintx NonNMethodCodeHeapSize                   = 5832780                                {pd product} {ergonomic}
    uintx NonProfiledCodeHeapSize                  = 122912730                              {pd product} {ergonomic}
    uintx ProfiledCodeHeapSize                     = 122912730                              {pd product} {ergonomic}
    uintx ReservedCodeCacheSize                    = 251658240                              {pd product} {ergonomic}
     bool SegmentedCodeCache                       = true                                      {product} {ergonomic}
   size_t SoftMaxHeapSize                          = 2111832064                             {manageable} {ergonomic}
     bool UseCompressedClassPointers               = true                           {product lp64_product} {ergonomic}
     bool UseCompressedOops                        = true                           {product lp64_product} {ergonomic}
     bool UseG1GC                                  = true                                      {product} {ergonomic}
     bool UseLargePagesIndividualAllocation        = false                                  {pd product} {ergonomic}

Logging:
Log output configuration:
 #0: stdout all=warning uptime,level,tags
 #1: stderr all=off uptime,level,tags

Environment Variables:
JAVA_HOME=C:\Program Files\Java\jdk-17.0.9
PATH=C:\Python27\;C:\Python27\Scripts;C:\WINDOWS\system32;C:\WINDOWS;C:\WINDOWS\System32\Wbem;C:\WINDOWS\System32\WindowsPowerShell\v1.0\;C:\WINDOWS\System32\OpenSSH\;C:\Program Files (x86)\Intel\OpenCL SDK\2.0\bin\x86;C:\Program Files (x86)\Intel\OpenCL SDK\2.0\bin\x64;C:\Program Files\nodejs\;C:\ProgramData\chocolatey\bin;D:\xampp\php;C:\Program Files\Microsoft SQL Server\Client SDK\ODBC\170\Tools\Binn\;C:\Program Files (x86)\Microsoft SQL Server\150\Tools\Binn\;C:\Program Files\Microsoft SQL Server\150\Tools\Binn\;C:\Program Files\Microsoft SQL Server\150\DTS\Binn\;C:\Program Files\MongoDB\Server\3.0\bin;C:\grails-2.4.3\bin;C:\Program Files (x86)\Groovy\Groovy-3.0.0\bin;D:\Git\Git\cmd;C:\Users\admin\AppData\Local\Microsoft\WindowsApps;C:\Users\admin\AppData\Local\Programs\Microsoft VS Code\bin;C:\Users\admin\AppData\Roaming\npm;C:\Users\admin\Downlo;C:\Program Files\PuTTY\;C:\Program Files\MongoDB\Server\6.0\bin;C:\Program Files\Java\jdk-17.0.9\bin;C:\Users\admin\AppData\Local\Programs\Python\Launcher\;C:\Users\admin\Downloads\apache-maven-3.6.2-bin\apache-maven-3.6.2\bin;C:\Program Files\Java\jdk-17.0.9;C:\Users\admin\AppData\Roaming\Composer\vendor\bin;D:\flutter\bin;D:\Android\Sdk\platform-tools;C:\ffmpeg\bin;D:\Git\usr\bin;C:\Users\admin\AppData\Local\Programs\mongosh\
USERNAME=admin
OS=Windows_NT
PROCESSOR_IDENTIFIER=Intel64 Family 6 Model 58 Stepping 9, GenuineIntel



---------------  S Y S T E M  ---------------

OS:
 Windows 10 , 64 bit Build 19041 (10.0.19041.2546)
OS uptime: 57 days 1:52 hours
Hyper-V role detected

CPU: total 4 (initial active 4) (2 cores per cpu, 2 threads per core) family 6 model 58 stepping 9 microcode 0x21, cx8, cmov, fxsr, ht, mmx, sse, sse2, sse3, ssse3, sse4.1, sse4.2, popcnt, tsc, tscinvbit, avx, aes, erms, clmul, vzeroupper, clflush, hv

Memory: 4k page, system-wide physical 8055M (364M free)
TotalPageFile size 20381M (AvailPageFile size 161M)
current process WorkingSet (physical memory assigned to process): 400M, peak: 408M
current process commit charge ("private bytes"): 468M, peak: 472M

vm_info: Java HotSpot(TM) 64-Bit Server VM (17.0.9+11-LTS-201) for windows-amd64 JRE (17.0.9+11-LTS-201), built on Oct 10 2023 23:16:06 by "mach5one" with MS VC++ 17.1 (VS2022)

END.
